{"C:\\Users\\Asus\\Desktop\\Projects\\justify-api\\src\\justify.ts": {"path":"C:\\Users\\Asus\\Desktop\\Projects\\justify-api\\src\\justify.ts","statementMap":{"0":{"start":{"line":29,"column":0},"end":{"line":29,"column":16}},"1":{"start":{"line":55,"column":0},"end":{"line":55,"column":16}},"2":{"start":{"line":1,"column":13},"end":{"line":1,"column":29}},"3":{"start":{"line":4,"column":21},"end":{"line":4,"column":66}},"4":{"start":{"line":5,"column":21},"end":{"line":5,"column":71}},"5":{"start":{"line":5,"column":41},"end":{"line":5,"column":70}},"6":{"start":{"line":6,"column":2},"end":{"line":6,"column":33}},"7":{"start":{"line":10,"column":2},"end":{"line":10,"column":43}},"8":{"start":{"line":10,"column":26},"end":{"line":10,"column":43}},"9":{"start":{"line":11,"column":21},"end":{"line":11,"column":64}},"10":{"start":{"line":11,"column":46},"end":{"line":11,"column":60}},"11":{"start":{"line":12,"column":22},"end":{"line":12,"column":40}},"12":{"start":{"line":13,"column":15},"end":{"line":13,"column":31}},"13":{"start":{"line":14,"column":15},"end":{"line":14,"column":45}},"14":{"start":{"line":15,"column":14},"end":{"line":15,"column":32}},"15":{"start":{"line":17,"column":13},"end":{"line":17,"column":15}},"16":{"start":{"line":18,"column":2},"end":{"line":25,"column":3}},"17":{"start":{"line":18,"column":15},"end":{"line":18,"column":16}},"18":{"start":{"line":19,"column":4},"end":{"line":19,"column":21}},"19":{"start":{"line":20,"column":4},"end":{"line":24,"column":5}},"20":{"start":{"line":21,"column":21},"end":{"line":21,"column":47}},"21":{"start":{"line":22,"column":6},"end":{"line":22,"column":29}},"22":{"start":{"line":22,"column":21},"end":{"line":22,"column":29}},"23":{"start":{"line":23,"column":6},"end":{"line":23,"column":33}},"24":{"start":{"line":26,"column":2},"end":{"line":26,"column":14}},"25":{"start":{"line":30,"column":2},"end":{"line":30,"column":35}},"26":{"start":{"line":30,"column":25},"end":{"line":30,"column":35}},"27":{"start":{"line":31,"column":16},"end":{"line":31,"column":52}},"28":{"start":{"line":32,"column":26},"end":{"line":32,"column":28}},"29":{"start":{"line":33,"column":28},"end":{"line":33,"column":30}},"30":{"start":{"line":34,"column":16},"end":{"line":34,"column":17}},"31":{"start":{"line":36,"column":2},"end":{"line":50,"column":3}},"32":{"start":{"line":37,"column":4},"end":{"line":49,"column":5}},"33":{"start":{"line":38,"column":6},"end":{"line":38,"column":27}},"34":{"start":{"line":39,"column":6},"end":{"line":39,"column":28}},"35":{"start":{"line":41,"column":6},"end":{"line":48,"column":7}},"36":{"start":{"line":42,"column":8},"end":{"line":42,"column":29}},"37":{"start":{"line":43,"column":8},"end":{"line":43,"column":35}},"38":{"start":{"line":45,"column":8},"end":{"line":45,"column":50}},"39":{"start":{"line":46,"column":8},"end":{"line":46,"column":27}},"40":{"start":{"line":47,"column":8},"end":{"line":47,"column":30}},"41":{"start":{"line":51,"column":2},"end":{"line":51,"column":60}},"42":{"start":{"line":51,"column":28},"end":{"line":51,"column":60}},"43":{"start":{"line":52,"column":2},"end":{"line":52,"column":26}},"44":{"start":{"line":56,"column":21},"end":{"line":56,"column":43}},"45":{"start":{"line":57,"column":21},"end":{"line":57,"column":47}},"46":{"start":{"line":58,"column":14},"end":{"line":58,"column":61}},"47":{"start":{"line":58,"column":34},"end":{"line":58,"column":60}},"48":{"start":{"line":59,"column":2},"end":{"line":59,"column":26}}},"fnMap":{"0":{"name":"normalizeSpaces","decl":{"start":{"line":3,"column":9},"end":{"line":3,"column":24}},"loc":{"start":{"line":3,"column":38},"end":{"line":7,"column":1}}},"1":{"name":"(anonymous_1)","decl":{"start":{"line":5,"column":36},"end":{"line":5,"column":37}},"loc":{"start":{"line":5,"column":41},"end":{"line":5,"column":70}}},"2":{"name":"justifyLine","decl":{"start":{"line":9,"column":9},"end":{"line":9,"column":20}},"loc":{"start":{"line":9,"column":51},"end":{"line":27,"column":1}}},"3":{"name":"(anonymous_3)","decl":{"start":{"line":11,"column":34},"end":{"line":11,"column":35}},"loc":{"start":{"line":11,"column":46},"end":{"line":11,"column":60}}},"4":{"name":"justifyParagraph","decl":{"start":{"line":29,"column":16},"end":{"line":29,"column":32}},"loc":{"start":{"line":29,"column":70},"end":{"line":53,"column":1}}},"5":{"name":"justifyText","decl":{"start":{"line":55,"column":16},"end":{"line":55,"column":27}},"loc":{"start":{"line":55,"column":61},"end":{"line":60,"column":1}}},"6":{"name":"(anonymous_6)","decl":{"start":{"line":58,"column":29},"end":{"line":58,"column":30}},"loc":{"start":{"line":58,"column":34},"end":{"line":58,"column":60}}}},"branchMap":{"0":{"loc":{"start":{"line":10,"column":2},"end":{"line":10,"column":43}},"type":"if","locations":[{"start":{"line":10,"column":2},"end":{"line":10,"column":43}},{"start":{},"end":{}}]},"1":{"loc":{"start":{"line":20,"column":4},"end":{"line":24,"column":5}},"type":"if","locations":[{"start":{"line":20,"column":4},"end":{"line":24,"column":5}},{"start":{},"end":{}}]},"2":{"loc":{"start":{"line":21,"column":29},"end":{"line":21,"column":46}},"type":"cond-expr","locations":[{"start":{"line":21,"column":41},"end":{"line":21,"column":42}},{"start":{"line":21,"column":45},"end":{"line":21,"column":46}}]},"3":{"loc":{"start":{"line":22,"column":6},"end":{"line":22,"column":29}},"type":"if","locations":[{"start":{"line":22,"column":6},"end":{"line":22,"column":29}},{"start":{},"end":{}}]},"4":{"loc":{"start":{"line":29,"column":52},"end":{"line":29,"column":70}},"type":"default-arg","locations":[{"start":{"line":29,"column":60},"end":{"line":29,"column":70}}]},"5":{"loc":{"start":{"line":30,"column":2},"end":{"line":30,"column":35}},"type":"if","locations":[{"start":{"line":30,"column":2},"end":{"line":30,"column":35}},{"start":{},"end":{}}]},"6":{"loc":{"start":{"line":37,"column":4},"end":{"line":49,"column":5}},"type":"if","locations":[{"start":{"line":37,"column":4},"end":{"line":49,"column":5}},{"start":{"line":40,"column":11},"end":{"line":49,"column":5}}]},"7":{"loc":{"start":{"line":41,"column":6},"end":{"line":48,"column":7}},"type":"if","locations":[{"start":{"line":41,"column":6},"end":{"line":48,"column":7}},{"start":{"line":44,"column":13},"end":{"line":48,"column":7}}]},"8":{"loc":{"start":{"line":51,"column":2},"end":{"line":51,"column":60}},"type":"if","locations":[{"start":{"line":51,"column":2},"end":{"line":51,"column":60}},{"start":{},"end":{}}]},"9":{"loc":{"start":{"line":55,"column":43},"end":{"line":55,"column":61}},"type":"default-arg","locations":[{"start":{"line":55,"column":51},"end":{"line":55,"column":61}}]}},"s":{"0":2,"1":2,"2":2,"3":3,"4":3,"5":4,"6":3,"7":0,"8":0,"9":0,"10":0,"11":0,"12":0,"13":0,"14":0,"15":0,"16":0,"17":0,"18":0,"19":0,"20":0,"21":0,"22":0,"23":0,"24":0,"25":4,"26":0,"27":4,"28":4,"29":4,"30":4,"31":4,"32":28,"33":4,"34":4,"35":24,"36":24,"37":24,"38":0,"39":0,"40":0,"41":4,"42":4,"43":4,"44":3,"45":3,"46":3,"47":4,"48":3},"f":{"0":3,"1":4,"2":0,"3":0,"4":4,"5":3,"6":4},"b":{"0":[0,0],"1":[0,0],"2":[0,0],"3":[0,0],"4":[0],"5":[0,4],"6":[4,24],"7":[24,0],"8":[4,0],"9":[0]}}
,"C:\\Users\\Asus\\Desktop\\Projects\\justify-api\\src\\middleware.ts": {"path":"C:\\Users\\Asus\\Desktop\\Projects\\justify-api\\src\\middleware.ts","statementMap":{"0":{"start":{"line":4,"column":0},"end":{"line":4,"column":16}},"1":{"start":{"line":2,"column":0},"end":{"line":2,"column":36}},"2":{"start":{"line":5,"column":16},"end":{"line":5,"column":70}},"3":{"start":{"line":6,"column":2},"end":{"line":6,"column":77}},"4":{"start":{"line":6,"column":14},"end":{"line":6,"column":77}},"5":{"start":{"line":8,"column":17},"end":{"line":8,"column":40}},"6":{"start":{"line":9,"column":2},"end":{"line":9,"column":71}},"7":{"start":{"line":9,"column":15},"end":{"line":9,"column":71}},"8":{"start":{"line":11,"column":3},"end":{"line":11,"column":29}},"9":{"start":{"line":12,"column":2},"end":{"line":12,"column":9}}},"fnMap":{"0":{"name":"authMiddleware","decl":{"start":{"line":4,"column":16},"end":{"line":4,"column":30}},"loc":{"start":{"line":4,"column":78},"end":{"line":13,"column":1}}}},"branchMap":{"0":{"loc":{"start":{"line":6,"column":2},"end":{"line":6,"column":77}},"type":"if","locations":[{"start":{"line":6,"column":2},"end":{"line":6,"column":77}},{"start":{},"end":{}}]},"1":{"loc":{"start":{"line":9,"column":2},"end":{"line":9,"column":71}},"type":"if","locations":[{"start":{"line":9,"column":2},"end":{"line":9,"column":71}},{"start":{},"end":{}}]}},"s":{"0":1,"1":1,"2":1,"3":1,"4":0,"5":1,"6":1,"7":0,"8":1,"9":1},"f":{"0":1},"b":{"0":[0,1],"1":[0,1]}}
,"C:\\Users\\Asus\\Desktop\\Projects\\justify-api\\src\\storage.ts": {"path":"C:\\Users\\Asus\\Desktop\\Projects\\justify-api\\src\\storage.ts","statementMap":{"0":{"start":{"line":1,"column":0},"end":{"line":1,"column":72}},"1":{"start":{"line":2,"column":0},"end":{"line":2,"column":28}},"2":{"start":{"line":4,"column":17},"end":{"line":4,"column":68}},"3":{"start":{"line":5,"column":20},"end":{"line":5,"column":49}},"4":{"start":{"line":6,"column":19},"end":{"line":6,"column":47}},"5":{"start":{"line":9,"column":2},"end":{"line":9,"column":70}},"6":{"start":{"line":9,"column":29},"end":{"line":9,"column":70}},"7":{"start":{"line":10,"column":2},"end":{"line":10,"column":73}},"8":{"start":{"line":10,"column":32},"end":{"line":10,"column":73}},"9":{"start":{"line":11,"column":2},"end":{"line":11,"column":71}},"10":{"start":{"line":11,"column":31},"end":{"line":11,"column":71}},"11":{"start":{"line":15,"column":2},"end":{"line":15,"column":16}},"12":{"start":{"line":16,"column":2},"end":{"line":16,"column":53}},"13":{"start":{"line":20,"column":2},"end":{"line":20,"column":16}},"14":{"start":{"line":21,"column":2},"end":{"line":21,"column":61}},"15":{"start":{"line":36,"column":13},"end":{"line":63,"column":2}},"16":{"start":{"line":38,"column":19},"end":{"line":38,"column":55}},"17":{"start":{"line":39,"column":19},"end":{"line":39,"column":72}},"18":{"start":{"line":40,"column":4},"end":{"line":40,"column":24}},"19":{"start":{"line":41,"column":4},"end":{"line":41,"column":35}},"20":{"start":{"line":42,"column":4},"end":{"line":42,"column":18}},"21":{"start":{"line":46,"column":19},"end":{"line":46,"column":55}},"22":{"start":{"line":47,"column":4},"end":{"line":47,"column":47}},"23":{"start":{"line":47,"column":28},"end":{"line":47,"column":45}},"24":{"start":{"line":51,"column":18},"end":{"line":51,"column":53}},"25":{"start":{"line":52,"column":4},"end":{"line":52,"column":65}},"26":{"start":{"line":52,"column":27},"end":{"line":52,"column":63}},"27":{"start":{"line":56,"column":18},"end":{"line":56,"column":53}},"28":{"start":{"line":57,"column":21},"end":{"line":57,"column":74}},"29":{"start":{"line":57,"column":37},"end":{"line":57,"column":73}},"30":{"start":{"line":58,"column":4},"end":{"line":59,"column":44}},"31":{"start":{"line":58,"column":18},"end":{"line":58,"column":42}},"32":{"start":{"line":59,"column":9},"end":{"line":59,"column":44}},"33":{"start":{"line":60,"column":4},"end":{"line":60,"column":33}},"34":{"start":{"line":61,"column":4},"end":{"line":61,"column":66}},"35":{"start":{"line":61,"column":27},"end":{"line":61,"column":63}}},"fnMap":{"0":{"name":"ensureFiles","decl":{"start":{"line":8,"column":9},"end":{"line":8,"column":20}},"loc":{"start":{"line":8,"column":20},"end":{"line":12,"column":1}}},"1":{"name":"readJSON","decl":{"start":{"line":14,"column":9},"end":{"line":14,"column":17}},"loc":{"start":{"line":14,"column":33},"end":{"line":17,"column":1}}},"2":{"name":"writeJSON","decl":{"start":{"line":19,"column":9},"end":{"line":19,"column":18}},"loc":{"start":{"line":19,"column":43},"end":{"line":22,"column":1}}},"3":{"name":"(anonymous_3)","decl":{"start":{"line":37,"column":2},"end":{"line":37,"column":10}},"loc":{"start":{"line":37,"column":39},"end":{"line":43,"column":3}}},"4":{"name":"(anonymous_4)","decl":{"start":{"line":45,"column":2},"end":{"line":45,"column":10}},"loc":{"start":{"line":45,"column":24},"end":{"line":48,"column":3}}},"5":{"name":"(anonymous_5)","decl":{"start":{"line":47,"column":23},"end":{"line":47,"column":24}},"loc":{"start":{"line":47,"column":28},"end":{"line":47,"column":45}}},"6":{"name":"(anonymous_6)","decl":{"start":{"line":50,"column":2},"end":{"line":50,"column":10}},"loc":{"start":{"line":50,"column":38},"end":{"line":53,"column":3}}},"7":{"name":"(anonymous_7)","decl":{"start":{"line":52,"column":22},"end":{"line":52,"column":23}},"loc":{"start":{"line":52,"column":27},"end":{"line":52,"column":63}}},"8":{"name":"(anonymous_8)","decl":{"start":{"line":55,"column":2},"end":{"line":55,"column":10}},"loc":{"start":{"line":55,"column":53},"end":{"line":62,"column":3}}},"9":{"name":"(anonymous_9)","decl":{"start":{"line":57,"column":32},"end":{"line":57,"column":33}},"loc":{"start":{"line":57,"column":37},"end":{"line":57,"column":73}}},"10":{"name":"(anonymous_10)","decl":{"start":{"line":61,"column":22},"end":{"line":61,"column":23}},"loc":{"start":{"line":61,"column":27},"end":{"line":61,"column":63}}}},"branchMap":{"0":{"loc":{"start":{"line":4,"column":17},"end":{"line":4,"column":68}},"type":"binary-expr","locations":[{"start":{"line":4,"column":17},"end":{"line":4,"column":37}},{"start":{"line":4,"column":41},"end":{"line":4,"column":68}}]},"1":{"loc":{"start":{"line":9,"column":2},"end":{"line":9,"column":70}},"type":"if","locations":[{"start":{"line":9,"column":2},"end":{"line":9,"column":70}},{"start":{},"end":{}}]},"2":{"loc":{"start":{"line":10,"column":2},"end":{"line":10,"column":73}},"type":"if","locations":[{"start":{"line":10,"column":2},"end":{"line":10,"column":73}},{"start":{},"end":{}}]},"3":{"loc":{"start":{"line":11,"column":2},"end":{"line":11,"column":71}},"type":"if","locations":[{"start":{"line":11,"column":2},"end":{"line":11,"column":71}},{"start":{},"end":{}}]},"4":{"loc":{"start":{"line":52,"column":27},"end":{"line":52,"column":63}},"type":"binary-expr","locations":[{"start":{"line":52,"column":27},"end":{"line":52,"column":44}},{"start":{"line":52,"column":48},"end":{"line":52,"column":63}}]},"5":{"loc":{"start":{"line":57,"column":37},"end":{"line":57,"column":73}},"type":"binary-expr","locations":[{"start":{"line":57,"column":37},"end":{"line":57,"column":54}},{"start":{"line":57,"column":58},"end":{"line":57,"column":73}}]},"6":{"loc":{"start":{"line":58,"column":4},"end":{"line":59,"column":44}},"type":"if","locations":[{"start":{"line":58,"column":4},"end":{"line":59,"column":44}},{"start":{"line":59,"column":9},"end":{"line":59,"column":44}}]},"7":{"loc":{"start":{"line":61,"column":27},"end":{"line":61,"column":63}},"type":"binary-expr","locations":[{"start":{"line":61,"column":27},"end":{"line":61,"column":44}},{"start":{"line":61,"column":48},"end":{"line":61,"column":63}}]}},"s":{"0":1,"1":1,"2":1,"3":1,"4":1,"5":8,"6":0,"7":8,"8":1,"9":8,"10":1,"11":5,"12":5,"13":3,"14":3,"15":1,"16":2,"17":2,"18":2,"19":2,"20":2,"21":1,"22":1,"23":2,"24":1,"25":1,"26":0,"27":1,"28":1,"29":0,"30":1,"31":0,"32":1,"33":1,"34":1,"35":1},"f":{"0":8,"1":5,"2":3,"3":2,"4":1,"5":2,"6":1,"7":0,"8":1,"9":0,"10":1},"b":{"0":[1,1],"1":[0,8],"2":[1,7],"3":[1,7],"4":[0,0],"5":[0,0],"6":[0,1],"7":[1,1]}}
,"C:\\Users\\Asus\\Desktop\\Projects\\justify-api\\src\\utils\\date.ts": {"path":"C:\\Users\\Asus\\Desktop\\Projects\\justify-api\\src\\utils\\date.ts","statementMap":{"0":{"start":{"line":1,"column":0},"end":{"line":1,"column":16}},"1":{"start":{"line":2,"column":12},"end":{"line":2,"column":33}},"2":{"start":{"line":3,"column":12},"end":{"line":3,"column":59}},"3":{"start":{"line":4,"column":12},"end":{"line":4,"column":54}},"4":{"start":{"line":5,"column":2},"end":{"line":5,"column":26}}},"fnMap":{"0":{"name":"yyyymmddUTC","decl":{"start":{"line":1,"column":16},"end":{"line":1,"column":27}},"loc":{"start":{"line":1,"column":45},"end":{"line":6,"column":1}}}},"branchMap":{"0":{"loc":{"start":{"line":1,"column":28},"end":{"line":1,"column":45}},"type":"default-arg","locations":[{"start":{"line":1,"column":35},"end":{"line":1,"column":45}}]}},"s":{"0":1,"1":1,"2":1,"3":1,"4":1},"f":{"0":1},"b":{"0":[1]}}
}
