TN:
SF:src\justify.ts
FN:3,normalizeSpaces
FN:5,(anonymous_1)
FN:9,justifyLine
FN:11,(anonymous_3)
FN:29,justifyParagraph
FN:55,justifyText
FN:58,(anonymous_6)
FNF:7
FNH:5
FNDA:3,normalizeSpaces
FNDA:4,(anonymous_1)
FNDA:0,justifyLine
FNDA:0,(anonymous_3)
FNDA:4,justifyParagraph
FNDA:3,justifyText
FNDA:4,(anonymous_6)
DA:1,2
DA:4,3
DA:5,4
DA:6,3
DA:10,0
DA:11,0
DA:12,0
DA:13,0
DA:14,0
DA:15,0
DA:17,0
DA:18,0
DA:19,0
DA:20,0
DA:21,0
DA:22,0
DA:23,0
DA:26,0
DA:29,2
DA:30,4
DA:31,4
DA:32,4
DA:33,4
DA:34,4
DA:36,4
DA:37,28
DA:38,4
DA:39,4
DA:41,24
DA:42,24
DA:43,24
DA:45,0
DA:46,0
DA:47,0
DA:51,4
DA:52,4
DA:55,2
DA:56,3
DA:57,3
DA:58,4
DA:59,3
LF:41
LH:24
BRDA:10,0,0,0
BRDA:10,0,1,0
BRDA:20,1,0,0
BRDA:20,1,1,0
BRDA:21,2,0,0
BRDA:21,2,1,0
BRDA:22,3,0,0
BRDA:22,3,1,0
BRDA:29,4,0,0
BRDA:30,5,0,0
BRDA:30,5,1,4
BRDA:37,6,0,4
BRDA:37,6,1,24
BRDA:41,7,0,24
BRDA:41,7,1,0
BRDA:51,8,0,4
BRDA:51,8,1,0
BRDA:55,9,0,0
BRF:18
BRH:5
end_of_record
TN:
SF:src\middleware.ts
FN:4,authMiddleware
FNF:1
FNH:1
FNDA:1,authMiddleware
DA:2,1
DA:4,1
DA:5,1
DA:6,1
DA:8,1
DA:9,1
DA:11,1
DA:12,1
LF:8
LH:8
BRDA:6,0,0,0
BRDA:6,0,1,1
BRDA:9,1,0,0
BRDA:9,1,1,1
BRF:4
BRH:2
end_of_record
TN:
SF:src\storage.ts
FN:8,ensureFiles
FN:14,readJSON
FN:19,writeJSON
FN:37,(anonymous_3)
FN:45,(anonymous_4)
FN:47,(anonymous_5)
FN:50,(anonymous_6)
FN:52,(anonymous_7)
FN:55,(anonymous_8)
FN:57,(anonymous_9)
FN:61,(anonymous_10)
FNF:11
FNH:9
FNDA:8,ensureFiles
FNDA:5,readJSON
FNDA:3,writeJSON
FNDA:2,(anonymous_3)
FNDA:1,(anonymous_4)
FNDA:2,(anonymous_5)
FNDA:1,(anonymous_6)
FNDA:0,(anonymous_7)
FNDA:1,(anonymous_8)
FNDA:0,(anonymous_9)
FNDA:1,(anonymous_10)
DA:1,1
DA:2,1
DA:4,1
DA:5,1
DA:6,1
DA:9,8
DA:10,8
DA:11,8
DA:15,5
DA:16,5
DA:20,3
DA:21,3
DA:36,1
DA:38,2
DA:39,2
DA:40,2
DA:41,2
DA:42,2
DA:46,1
DA:47,2
DA:51,1
DA:52,1
DA:56,1
DA:57,1
DA:58,1
DA:59,1
DA:60,1
DA:61,1
LF:28
LH:28
BRDA:4,0,0,1
BRDA:4,0,1,1
BRDA:9,1,0,0
BRDA:9,1,1,8
BRDA:10,2,0,1
BRDA:10,2,1,7
BRDA:11,3,0,1
BRDA:11,3,1,7
BRDA:52,4,0,0
BRDA:52,4,1,0
BRDA:57,5,0,0
BRDA:57,5,1,0
BRDA:58,6,0,0
BRDA:58,6,1,1
BRDA:61,7,0,1
BRDA:61,7,1,1
BRF:16
BRH:10
end_of_record
TN:
SF:src\utils\date.ts
FN:1,yyyymmddUTC
FNF:1
FNH:1
FNDA:1,yyyymmddUTC
DA:1,1
DA:2,1
DA:3,1
DA:4,1
DA:5,1
LF:5
LH:5
BRDA:1,0,0,1
BRF:1
BRH:1
end_of_record
